DEPRECATION WARNING: Leaving `ActiveRecord::ConnectionAdapters::SQLite3Adapter.represent_boolean_as_integer`
set to false is deprecated. SQLite databases have used 't' and 'f' to serialize
boolean values and must have old data converted to 1 and 0 (its native boolean
serialization) before setting this flag to true. Conversion can be accomplished
by setting up a rake task which runs

  ExampleModel.where("boolean_column = 't'").update_all(boolean_column: 1)
  ExampleModel.where("boolean_column = 'f'").update_all(boolean_column: 0)

for all models and all boolean columns, after which the flag must be set to
true by adding the following to your application.rb file:

  Rails.application.config.active_record.sqlite3.represent_boolean_as_integer = true
 (called from require at bin/rails:8)
DEPRECATION WARNING: Leaving `ActiveRecord::ConnectionAdapters::SQLite3Adapter.represent_boolean_as_integer`
set to false is deprecated. SQLite databases have used 't' and 'f' to serialize
boolean values and must have old data converted to 1 and 0 (its native boolean
serialization) before setting this flag to true. Conversion can be accomplished
by setting up a rake task which runs

  ExampleModel.where("boolean_column = 't'").update_all(boolean_column: 1)
  ExampleModel.where("boolean_column = 'f'").update_all(boolean_column: 0)

for all models and all boolean columns, after which the flag must be set to
true by adding the following to your application.rb file:

  Rails.application.config.active_record.sqlite3.represent_boolean_as_integer = true
 (called from load at /home/wanglin/.rbenv/versions/2.6.6/bin/rake:23)
  [1m[35m (0.1ms)[0m  [1m[34mSELECT sqlite_version(*)[0m
  [1m[35m (13.4ms)[0m  [1m[35mCREATE TABLE "schema_migrations" ("version" varchar NOT NULL PRIMARY KEY)[0m
  [1m[35m (8.6ms)[0m  [1m[35mCREATE TABLE "ar_internal_metadata" ("key" varchar NOT NULL PRIMARY KEY, "value" varchar, "created_at" datetime NOT NULL, "updated_at" datetime NOT NULL)[0m
  [1m[35m (0.1ms)[0m  [1m[34mSELECT "schema_migrations"."version" FROM "schema_migrations" ORDER BY "schema_migrations"."version" ASC[0m
Migrating to CreateMovies (20150809022253)
  [1m[35m (0.0ms)[0m  [1m[36mbegin transaction[0m
  [1m[35m (0.2ms)[0m  [1m[35mCREATE TABLE "movies" ("id" integer PRIMARY KEY AUTOINCREMENT NOT NULL, "title" varchar, "rating" varchar, "description" text, "release_date" datetime, "created_at" datetime NOT NULL, "updated_at" datetime NOT NULL)[0m
  [1m[36mActiveRecord::SchemaMigration Create (0.1ms)[0m  [1m[32mINSERT INTO "schema_migrations" ("version") VALUES (?)[0m  [["version", "20150809022253"]]
  [1m[35m (9.1ms)[0m  [1m[36mcommit transaction[0m
Migrating to CreatePosts (20220622064341)
  [1m[35m (0.1ms)[0m  [1m[36mbegin transaction[0m
  [1m[35m (0.2ms)[0m  [1m[35mCREATE TABLE "posts" ("id" integer PRIMARY KEY AUTOINCREMENT NOT NULL, "img_url" varchar, "description" text, "title" varchar, "validity_start" datetime, "validity_end" datetime, "category" varchar, "tag" varchar, "ocr_img_url" varchar, "created_at" datetime NOT NULL, "updated_at" datetime NOT NULL)[0m
  [1m[36mActiveRecord::SchemaMigration Create (0.1ms)[0m  [1m[32mINSERT INTO "schema_migrations" ("version") VALUES (?)[0m  [["version", "20220622064341"]]
  [1m[35m (8.2ms)[0m  [1m[36mcommit transaction[0m
Migrating to CreateActiveStorageTables (20220622132552)
  [1m[35m (0.0ms)[0m  [1m[36mbegin transaction[0m
  [1m[35m (0.2ms)[0m  [1m[35mCREATE TABLE "active_storage_blobs" ("id" integer PRIMARY KEY AUTOINCREMENT NOT NULL, "key" varchar NOT NULL, "filename" varchar NOT NULL, "content_type" varchar, "metadata" text, "byte_size" bigint NOT NULL, "checksum" varchar NOT NULL, "created_at" datetime NOT NULL)[0m
  [1m[35m (0.1ms)[0m  [1m[35mCREATE UNIQUE INDEX "index_active_storage_blobs_on_key" ON "active_storage_blobs" ("key")[0m
  [1m[35m (0.1ms)[0m  [1m[35mCREATE TABLE "active_storage_attachments" ("id" integer PRIMARY KEY AUTOINCREMENT NOT NULL, "name" varchar NOT NULL, "record_type" varchar NOT NULL, "record_id" integer NOT NULL, "blob_id" integer NOT NULL, "created_at" datetime NOT NULL, CONSTRAINT "fk_rails_c3b3935057"
FOREIGN KEY ("blob_id")
  REFERENCES "active_storage_blobs" ("id")
)[0m
  [1m[35m (0.1ms)[0m  [1m[35mCREATE  INDEX "index_active_storage_attachments_on_blob_id" ON "active_storage_attachments" ("blob_id")[0m
  [1m[35m (0.1ms)[0m  [1m[35mCREATE UNIQUE INDEX "index_active_storage_attachments_uniqueness" ON "active_storage_attachments" ("record_type", "record_id", "name", "blob_id")[0m
  [1m[36mActiveRecord::SchemaMigration Create (0.1ms)[0m  [1m[32mINSERT INTO "schema_migrations" ("version") VALUES (?)[0m  [["version", "20220622132552"]]
  [1m[35m (8.9ms)[0m  [1m[36mcommit transaction[0m
Migrating to CreateLiveposts (20220622164124)
  [1m[35m (0.1ms)[0m  [1m[36mbegin transaction[0m
  [1m[35m (0.3ms)[0m  [1m[35mCREATE TABLE "liveposts" ("id" integer PRIMARY KEY AUTOINCREMENT NOT NULL, "imgUrl" varchar, "title" varchar, "category" varchar, "promotionDate" varchar, "description" varchar, "created_at" datetime NOT NULL, "updated_at" datetime NOT NULL)[0m
  [1m[36mActiveRecord::SchemaMigration Create (0.1ms)[0m  [1m[32mINSERT INTO "schema_migrations" ("version") VALUES (?)[0m  [["version", "20220622164124"]]
  [1m[35m (8.2ms)[0m  [1m[36mcommit transaction[0m
  [1m[36mActiveRecord::InternalMetadata Load (0.1ms)[0m  [1m[34mSELECT  "ar_internal_metadata".* FROM "ar_internal_metadata" WHERE "ar_internal_metadata"."key" = ? LIMIT ?[0m  [["key", "environment"], ["LIMIT", 1]]
  [1m[35m (0.0ms)[0m  [1m[36mbegin transaction[0m
  [1m[36mActiveRecord::InternalMetadata Create (0.2ms)[0m  [1m[32mINSERT INTO "ar_internal_metadata" ("key", "value", "created_at", "updated_at") VALUES (?, ?, ?, ?)[0m  [["key", "environment"], ["value", "development"], ["created_at", "2022-06-22 16:41:54.802849"], ["updated_at", "2022-06-22 16:41:54.802849"]]
  [1m[35m (6.3ms)[0m  [1m[36mcommit transaction[0m
  [1m[35m (0.2ms)[0m  [1m[34mSELECT "schema_migrations"."version" FROM "schema_migrations" ORDER BY "schema_migrations"."version" ASC[0m
DEPRECATION WARNING: Leaving `ActiveRecord::ConnectionAdapters::SQLite3Adapter.represent_boolean_as_integer`
set to false is deprecated. SQLite databases have used 't' and 'f' to serialize
boolean values and must have old data converted to 1 and 0 (its native boolean
serialization) before setting this flag to true. Conversion can be accomplished
by setting up a rake task which runs

  ExampleModel.where("boolean_column = 't'").update_all(boolean_column: 1)
  ExampleModel.where("boolean_column = 'f'").update_all(boolean_column: 0)

for all models and all boolean columns, after which the flag must be set to
true by adding the following to your application.rb file:

  Rails.application.config.active_record.sqlite3.represent_boolean_as_integer = true
 (called from require at bin/rails:8)
DEPRECATION WARNING: Leaving `ActiveRecord::ConnectionAdapters::SQLite3Adapter.represent_boolean_as_integer`
set to false is deprecated. SQLite databases have used 't' and 'f' to serialize
boolean values and must have old data converted to 1 and 0 (its native boolean
serialization) before setting this flag to true. Conversion can be accomplished
by setting up a rake task which runs

  ExampleModel.where("boolean_column = 't'").update_all(boolean_column: 1)
  ExampleModel.where("boolean_column = 'f'").update_all(boolean_column: 0)

for all models and all boolean columns, after which the flag must be set to
true by adding the following to your application.rb file:

  Rails.application.config.active_record.sqlite3.represent_boolean_as_integer = true
 (called from load at /home/wanglin/.rbenv/versions/2.6.6/bin/rake:23)
  [1m[35m (0.1ms)[0m  [1m[34mSELECT "schema_migrations"."version" FROM "schema_migrations" ORDER BY "schema_migrations"."version" ASC[0m
Migrating to CreatePendingposts (20220622164255)
  [1m[35m (0.0ms)[0m  [1m[36mbegin transaction[0m
  [1m[35m (0.1ms)[0m  [1m[34mSELECT sqlite_version(*)[0m
  [1m[35m (0.2ms)[0m  [1m[35mCREATE TABLE "pendingposts" ("id" integer PRIMARY KEY AUTOINCREMENT NOT NULL, "score" varchar, "imgUrl" varchar, "title" varchar, "description" varchar, "created_at" datetime NOT NULL, "updated_at" datetime NOT NULL)[0m
  [1m[36mActiveRecord::SchemaMigration Create (0.1ms)[0m  [1m[32mINSERT INTO "schema_migrations" ("version") VALUES (?)[0m  [["version", "20220622164255"]]
  [1m[35m (9.6ms)[0m  [1m[36mcommit transaction[0m
  [1m[36mActiveRecord::InternalMetadata Load (0.2ms)[0m  [1m[34mSELECT  "ar_internal_metadata".* FROM "ar_internal_metadata" WHERE "ar_internal_metadata"."key" = ? LIMIT ?[0m  [["key", "environment"], ["LIMIT", 1]]
  [1m[35m (0.1ms)[0m  [1m[36mbegin transaction[0m
  [1m[35m (0.0ms)[0m  [1m[36mcommit transaction[0m
  [1m[35m (0.1ms)[0m  [1m[34mSELECT "schema_migrations"."version" FROM "schema_migrations" ORDER BY "schema_migrations"."version" ASC[0m
DEPRECATION WARNING: Leaving `ActiveRecord::ConnectionAdapters::SQLite3Adapter.represent_boolean_as_integer`
set to false is deprecated. SQLite databases have used 't' and 'f' to serialize
boolean values and must have old data converted to 1 and 0 (its native boolean
serialization) before setting this flag to true. Conversion can be accomplished
by setting up a rake task which runs

  ExampleModel.where("boolean_column = 't'").update_all(boolean_column: 1)
  ExampleModel.where("boolean_column = 'f'").update_all(boolean_column: 0)

for all models and all boolean columns, after which the flag must be set to
true by adding the following to your application.rb file:

  Rails.application.config.active_record.sqlite3.represent_boolean_as_integer = true
 (called from require at bin/rails:8)
  [1m[36mPost Load (0.8ms)[0m  [1m[34mSELECT  "posts".* FROM "posts" LIMIT ?[0m  [["LIMIT", 11]]
  [1m[36mMovie Load (0.4ms)[0m  [1m[34mSELECT  "movies".* FROM "movies" LIMIT ?[0m  [["LIMIT", 11]]
  [1m[36mMovie Load (0.3ms)[0m  [1m[34mSELECT  "movies".* FROM "movies" LIMIT ?[0m  [["LIMIT", 11]]
DEPRECATION WARNING: Leaving `ActiveRecord::ConnectionAdapters::SQLite3Adapter.represent_boolean_as_integer`
set to false is deprecated. SQLite databases have used 't' and 'f' to serialize
boolean values and must have old data converted to 1 and 0 (its native boolean
serialization) before setting this flag to true. Conversion can be accomplished
by setting up a rake task which runs

  ExampleModel.where("boolean_column = 't'").update_all(boolean_column: 1)
  ExampleModel.where("boolean_column = 'f'").update_all(boolean_column: 0)

for all models and all boolean columns, after which the flag must be set to
true by adding the following to your application.rb file:

  Rails.application.config.active_record.sqlite3.represent_boolean_as_integer = true
 (called from load at /home/wanglin/.rbenv/versions/2.6.6/bin/rake:23)
  [1m[35m (0.1ms)[0m  [1m[34mSELECT "schema_migrations"."version" FROM "schema_migrations" ORDER BY "schema_migrations"."version" ASC[0m
DEPRECATION WARNING: Leaving `ActiveRecord::ConnectionAdapters::SQLite3Adapter.represent_boolean_as_integer`
set to false is deprecated. SQLite databases have used 't' and 'f' to serialize
boolean values and must have old data converted to 1 and 0 (its native boolean
serialization) before setting this flag to true. Conversion can be accomplished
by setting up a rake task which runs

  ExampleModel.where("boolean_column = 't'").update_all(boolean_column: 1)
  ExampleModel.where("boolean_column = 'f'").update_all(boolean_column: 0)

for all models and all boolean columns, after which the flag must be set to
true by adding the following to your application.rb file:

  Rails.application.config.active_record.sqlite3.represent_boolean_as_integer = true
 (called from load at /home/wanglin/.rbenv/versions/2.6.6/bin/rake:23)
  [1m[35m (0.1ms)[0m  [1m[34mSELECT "schema_migrations"."version" FROM "schema_migrations" ORDER BY "schema_migrations"."version" ASC[0m
DEPRECATION WARNING: Leaving `ActiveRecord::ConnectionAdapters::SQLite3Adapter.represent_boolean_as_integer`
set to false is deprecated. SQLite databases have used 't' and 'f' to serialize
boolean values and must have old data converted to 1 and 0 (its native boolean
serialization) before setting this flag to true. Conversion can be accomplished
by setting up a rake task which runs

  ExampleModel.where("boolean_column = 't'").update_all(boolean_column: 1)
  ExampleModel.where("boolean_column = 'f'").update_all(boolean_column: 0)

for all models and all boolean columns, after which the flag must be set to
true by adding the following to your application.rb file:

  Rails.application.config.active_record.sqlite3.represent_boolean_as_integer = true
 (called from load at /home/wanglin/.rbenv/versions/2.6.6/bin/rake:23)
  [1m[35m (0.1ms)[0m  [1m[34mSELECT "schema_migrations"."version" FROM "schema_migrations" ORDER BY "schema_migrations"."version" ASC[0m
DEPRECATION WARNING: Leaving `ActiveRecord::ConnectionAdapters::SQLite3Adapter.represent_boolean_as_integer`
set to false is deprecated. SQLite databases have used 't' and 'f' to serialize
boolean values and must have old data converted to 1 and 0 (its native boolean
serialization) before setting this flag to true. Conversion can be accomplished
by setting up a rake task which runs

  ExampleModel.where("boolean_column = 't'").update_all(boolean_column: 1)
  ExampleModel.where("boolean_column = 'f'").update_all(boolean_column: 0)

for all models and all boolean columns, after which the flag must be set to
true by adding the following to your application.rb file:

  Rails.application.config.active_record.sqlite3.represent_boolean_as_integer = true
 (called from load at /home/wanglin/.rbenv/versions/2.6.6/bin/rake:23)
  [1m[35m (0.1ms)[0m  [1m[34mSELECT "schema_migrations"."version" FROM "schema_migrations" ORDER BY "schema_migrations"."version" ASC[0m
DEPRECATION WARNING: Leaving `ActiveRecord::ConnectionAdapters::SQLite3Adapter.represent_boolean_as_integer`
set to false is deprecated. SQLite databases have used 't' and 'f' to serialize
boolean values and must have old data converted to 1 and 0 (its native boolean
serialization) before setting this flag to true. Conversion can be accomplished
by setting up a rake task which runs

  ExampleModel.where("boolean_column = 't'").update_all(boolean_column: 1)
  ExampleModel.where("boolean_column = 'f'").update_all(boolean_column: 0)

for all models and all boolean columns, after which the flag must be set to
true by adding the following to your application.rb file:

  Rails.application.config.active_record.sqlite3.represent_boolean_as_integer = true
 (called from load at /home/wanglin/.rbenv/versions/2.6.6/bin/rake:23)
  [1m[35m (0.1ms)[0m  [1m[34mSELECT "schema_migrations"."version" FROM "schema_migrations" ORDER BY "schema_migrations"."version" ASC[0m
DEPRECATION WARNING: Leaving `ActiveRecord::ConnectionAdapters::SQLite3Adapter.represent_boolean_as_integer`
set to false is deprecated. SQLite databases have used 't' and 'f' to serialize
boolean values and must have old data converted to 1 and 0 (its native boolean
serialization) before setting this flag to true. Conversion can be accomplished
by setting up a rake task which runs

  ExampleModel.where("boolean_column = 't'").update_all(boolean_column: 1)
  ExampleModel.where("boolean_column = 'f'").update_all(boolean_column: 0)

for all models and all boolean columns, after which the flag must be set to
true by adding the following to your application.rb file:

  Rails.application.config.active_record.sqlite3.represent_boolean_as_integer = true
 (called from load at /home/wanglin/.rbenv/versions/2.6.6/bin/rake:23)
  [1m[35m (0.1ms)[0m  [1m[34mSELECT "schema_migrations"."version" FROM "schema_migrations" ORDER BY "schema_migrations"."version" ASC[0m
  [1m[35m (0.1ms)[0m  [1m[36mbegin transaction[0m
  [1m[36mPendingpost Create (0.2ms)[0m  [1m[32mINSERT INTO "pendingposts" ("score", "imgUrl", "title", "description", "created_at", "updated_at") VALUES (?, ?, ?, ?, ?, ?)[0m  [["score", "1.43243"], ["imgUrl", "First image"], ["title", "First title"], ["description", "First description"], ["created_at", "2022-06-22 16:58:21.251252"], ["updated_at", "2022-06-22 16:58:21.251252"]]
  [1m[35m (8.3ms)[0m  [1m[36mcommit transaction[0m
  [1m[35m (0.1ms)[0m  [1m[36mbegin transaction[0m
  [1m[36mPendingpost Create (0.4ms)[0m  [1m[32mINSERT INTO "pendingposts" ("score", "imgUrl", "title", "description", "created_at", "updated_at") VALUES (?, ?, ?, ?, ?, ?)[0m  [["score", "2.43243"], ["imgUrl", "Second image"], ["title", "Second title"], ["description", "Second description"], ["created_at", "2022-06-22 16:58:21.261048"], ["updated_at", "2022-06-22 16:58:21.261048"]]
  [1m[35m (6.7ms)[0m  [1m[36mcommit transaction[0m
  [1m[35m (0.1ms)[0m  [1m[36mbegin transaction[0m
  [1m[36mPendingpost Create (0.2ms)[0m  [1m[32mINSERT INTO "pendingposts" ("score", "imgUrl", "title", "description", "created_at", "updated_at") VALUES (?, ?, ?, ?, ?, ?)[0m  [["score", "3.43243"], ["imgUrl", "Third image"], ["title", "Third title"], ["description", "Third description"], ["created_at", "2022-06-22 16:58:21.269471"], ["updated_at", "2022-06-22 16:58:21.269471"]]
  [1m[35m (6.7ms)[0m  [1m[36mcommit transaction[0m
  [1m[35m (0.0ms)[0m  [1m[36mbegin transaction[0m
  [1m[36mPendingpost Create (0.2ms)[0m  [1m[32mINSERT INTO "pendingposts" ("score", "imgUrl", "title", "description", "created_at", "updated_at") VALUES (?, ?, ?, ?, ?, ?)[0m  [["score", "4.43243"], ["imgUrl", "Fourth image"], ["title", "Fourth title"], ["description", "Fourth description"], ["created_at", "2022-06-22 16:58:21.277372"], ["updated_at", "2022-06-22 16:58:21.277372"]]
  [1m[35m (6.7ms)[0m  [1m[36mcommit transaction[0m
  [1m[35m (0.1ms)[0m  [1m[36mbegin transaction[0m
  [1m[36mPendingpost Create (0.7ms)[0m  [1m[32mINSERT INTO "pendingposts" ("score", "imgUrl", "title", "description", "created_at", "updated_at") VALUES (?, ?, ?, ?, ?, ?)[0m  [["score", "5.43243"], ["imgUrl", "Fifth image"], ["title", "Fifth title"], ["description", "Fifth description"], ["created_at", "2022-06-22 16:58:21.286112"], ["updated_at", "2022-06-22 16:58:21.286112"]]
  [1m[35m (7.7ms)[0m  [1m[36mcommit transaction[0m
  [1m[35m (0.1ms)[0m  [1m[36mbegin transaction[0m
  [1m[36mPendingpost Create (0.6ms)[0m  [1m[32mINSERT INTO "pendingposts" ("score", "imgUrl", "title", "description", "created_at", "updated_at") VALUES (?, ?, ?, ?, ?, ?)[0m  [["score", "6.43243"], ["imgUrl", "Sixth image"], ["title", "Sixth title"], ["description", "Sixth description"], ["created_at", "2022-06-22 16:58:21.297033"], ["updated_at", "2022-06-22 16:58:21.297033"]]
  [1m[35m (7.0ms)[0m  [1m[36mcommit transaction[0m
  [1m[35m (0.1ms)[0m  [1m[36mbegin transaction[0m
  [1m[36mPendingpost Create (0.6ms)[0m  [1m[32mINSERT INTO "pendingposts" ("score", "imgUrl", "title", "description", "created_at", "updated_at") VALUES (?, ?, ?, ?, ?, ?)[0m  [["score", "7.43243"], ["imgUrl", "Seventh image"], ["title", "Seventh title"], ["description", "Seventh description"], ["created_at", "2022-06-22 16:58:21.307340"], ["updated_at", "2022-06-22 16:58:21.307340"]]
  [1m[35m (7.4ms)[0m  [1m[36mcommit transaction[0m
  [1m[35m (0.1ms)[0m  [1m[36mbegin transaction[0m
  [1m[36mPendingpost Create (0.7ms)[0m  [1m[32mINSERT INTO "pendingposts" ("score", "imgUrl", "title", "description", "created_at", "updated_at") VALUES (?, ?, ?, ?, ?, ?)[0m  [["score", "8.43243"], ["imgUrl", "Eighth image"], ["title", "Eighth title"], ["description", "Eighth description"], ["created_at", "2022-06-22 16:58:21.317621"], ["updated_at", "2022-06-22 16:58:21.317621"]]
  [1m[35m (7.2ms)[0m  [1m[36mcommit transaction[0m
  [1m[35m (0.2ms)[0m  [1m[36mbegin transaction[0m
  [1m[36mPendingpost Create (0.7ms)[0m  [1m[32mINSERT INTO "pendingposts" ("score", "imgUrl", "title", "description", "created_at", "updated_at") VALUES (?, ?, ?, ?, ?, ?)[0m  [["score", "9.43243"], ["imgUrl", "Nineth image"], ["title", "Nineth title"], ["description", "Nineth description"], ["created_at", "2022-06-22 16:58:21.328606"], ["updated_at", "2022-06-22 16:58:21.328606"]]
  [1m[35m (7.8ms)[0m  [1m[36mcommit transaction[0m
  [1m[35m (0.1ms)[0m  [1m[36mbegin transaction[0m
  [1m[36mPendingpost Create (0.5ms)[0m  [1m[32mINSERT INTO "pendingposts" ("score", "imgUrl", "title", "description", "created_at", "updated_at") VALUES (?, ?, ?, ?, ?, ?)[0m  [["score", "10.43243"], ["imgUrl", "Tenth image"], ["title", "Tenth title"], ["description", "Tenth description"], ["created_at", "2022-06-22 16:58:21.340108"], ["updated_at", "2022-06-22 16:58:21.340108"]]
  [1m[35m (7.4ms)[0m  [1m[36mcommit transaction[0m
  [1m[35m (0.1ms)[0m  [1m[36mbegin transaction[0m
  [1m[36mLivepost Create (0.4ms)[0m  [1m[32mINSERT INTO "liveposts" ("imgUrl", "title", "category", "promotionDate", "description", "created_at", "updated_at") VALUES (?, ?, ?, ?, ?, ?, ?)[0m  [["imgUrl", "First live"], ["title", "This is the first live"], ["category", "This is the first category"], ["promotionDate", "This is the first promotion date"], ["description", "This is the first description"], ["created_at", "2022-06-22 16:58:21.370148"], ["updated_at", "2022-06-22 16:58:21.370148"]]
  [1m[35m (6.9ms)[0m  [1m[36mcommit transaction[0m
  [1m[35m (0.1ms)[0m  [1m[36mbegin transaction[0m
  [1m[36mLivepost Create (0.8ms)[0m  [1m[32mINSERT INTO "liveposts" ("imgUrl", "title", "category", "promotionDate", "description", "created_at", "updated_at") VALUES (?, ?, ?, ?, ?, ?, ?)[0m  [["imgUrl", "Second live"], ["title", "This is the second live"], ["category", "This is the second category"], ["promotionDate", "This is the second promotion date"], ["description", "This is the second description"], ["created_at", "2022-06-22 16:58:21.379745"], ["updated_at", "2022-06-22 16:58:21.379745"]]
  [1m[35m (7.1ms)[0m  [1m[36mcommit transaction[0m
  [1m[35m (0.1ms)[0m  [1m[36mbegin transaction[0m
  [1m[36mLivepost Create (0.5ms)[0m  [1m[32mINSERT INTO "liveposts" ("imgUrl", "title", "category", "promotionDate", "description", "created_at", "updated_at") VALUES (?, ?, ?, ?, ?, ?, ?)[0m  [["imgUrl", "Third live"], ["title", "This is the third live"], ["category", "This is the third category"], ["promotionDate", "This is the third promotion date"], ["description", "This is the third description"], ["created_at", "2022-06-22 16:58:21.390376"], ["updated_at", "2022-06-22 16:58:21.390376"]]
  [1m[35m (6.6ms)[0m  [1m[36mcommit transaction[0m
  [1m[35m (0.1ms)[0m  [1m[36mbegin transaction[0m
  [1m[36mLivepost Create (0.3ms)[0m  [1m[32mINSERT INTO "liveposts" ("imgUrl", "title", "category", "promotionDate", "description", "created_at", "updated_at") VALUES (?, ?, ?, ?, ?, ?, ?)[0m  [["imgUrl", "Fourth live"], ["title", "This is the fourth live"], ["category", "This is the fourth category"], ["promotionDate", "This is the fourth promotion date"], ["description", "This is the fourth description"], ["created_at", "2022-06-22 16:58:21.399195"], ["updated_at", "2022-06-22 16:58:21.399195"]]
  [1m[35m (7.0ms)[0m  [1m[36mcommit transaction[0m
  [1m[35m (0.2ms)[0m  [1m[36mbegin transaction[0m
  [1m[36mLivepost Create (1.8ms)[0m  [1m[32mINSERT INTO "liveposts" ("imgUrl", "title", "category", "promotionDate", "description", "created_at", "updated_at") VALUES (?, ?, ?, ?, ?, ?, ?)[0m  [["imgUrl", "Fifth live"], ["title", "This is the fifth live"], ["category", "This is the fifth category"], ["promotionDate", "This is the fifth promotion date"], ["description", "This is the fifth description"], ["created_at", "2022-06-22 16:58:21.408736"], ["updated_at", "2022-06-22 16:58:21.408736"]]
  [1m[35m (7.4ms)[0m  [1m[36mcommit transaction[0m
  [1m[35m (0.2ms)[0m  [1m[36mbegin transaction[0m
  [1m[36mLivepost Create (0.6ms)[0m  [1m[32mINSERT INTO "liveposts" ("imgUrl", "title", "category", "promotionDate", "description", "created_at", "updated_at") VALUES (?, ?, ?, ?, ?, ?, ?)[0m  [["imgUrl", "Sixth live"], ["title", "This is the sixth live"], ["category", "This is the sixth category"], ["promotionDate", "This is the sixth promotion date"], ["description", "This is the sixth description"], ["created_at", "2022-06-22 16:58:21.422981"], ["updated_at", "2022-06-22 16:58:21.422981"]]
  [1m[35m (7.2ms)[0m  [1m[36mcommit transaction[0m
  [1m[35m (0.1ms)[0m  [1m[36mbegin transaction[0m
  [1m[36mLivepost Create (0.6ms)[0m  [1m[32mINSERT INTO "liveposts" ("imgUrl", "title", "category", "promotionDate", "description", "created_at", "updated_at") VALUES (?, ?, ?, ?, ?, ?, ?)[0m  [["imgUrl", "Seventh live"], ["title", "This is the seventh live"], ["category", "This is the seventh category"], ["promotionDate", "This is the seventh promotion date"], ["description", "This is the seventh description"], ["created_at", "2022-06-22 16:58:21.433936"], ["updated_at", "2022-06-22 16:58:21.433936"]]
  [1m[35m (7.1ms)[0m  [1m[36mcommit transaction[0m
  [1m[35m (0.1ms)[0m  [1m[36mbegin transaction[0m
  [1m[36mLivepost Create (0.6ms)[0m  [1m[32mINSERT INTO "liveposts" ("imgUrl", "title", "category", "promotionDate", "description", "created_at", "updated_at") VALUES (?, ?, ?, ?, ?, ?, ?)[0m  [["imgUrl", "Eighth live"], ["title", "This is the eighth live"], ["category", "This is the eighth category"], ["promotionDate", "This is the eighth promotion date"], ["description", "This is the eighth description"], ["created_at", "2022-06-22 16:58:21.444273"], ["updated_at", "2022-06-22 16:58:21.444273"]]
  [1m[35m (7.2ms)[0m  [1m[36mcommit transaction[0m
  [1m[35m (0.1ms)[0m  [1m[36mbegin transaction[0m
  [1m[36mLivepost Create (0.8ms)[0m  [1m[32mINSERT INTO "liveposts" ("imgUrl", "title", "category", "promotionDate", "description", "created_at", "updated_at") VALUES (?, ?, ?, ?, ?, ?, ?)[0m  [["imgUrl", "Nineth live"], ["title", "This is the nineth live"], ["category", "This is the nineth category"], ["promotionDate", "This is the nineth promotion date"], ["description", "This is the nineth description"], ["created_at", "2022-06-22 16:58:21.454698"], ["updated_at", "2022-06-22 16:58:21.454698"]]
  [1m[35m (7.4ms)[0m  [1m[36mcommit transaction[0m
  [1m[35m (0.2ms)[0m  [1m[36mbegin transaction[0m
  [1m[36mLivepost Create (0.7ms)[0m  [1m[32mINSERT INTO "liveposts" ("imgUrl", "title", "category", "promotionDate", "description", "created_at", "updated_at") VALUES (?, ?, ?, ?, ?, ?, ?)[0m  [["imgUrl", "Tenth live"], ["title", "This is the tenth live"], ["category", "This is the tenth category"], ["promotionDate", "This is the tenth promotion date"], ["description", "This is the tenth description"], ["created_at", "2022-06-22 16:58:21.466777"], ["updated_at", "2022-06-22 16:58:21.466777"]]
  [1m[35m (7.3ms)[0m  [1m[36mcommit transaction[0m
DEPRECATION WARNING: Leaving `ActiveRecord::ConnectionAdapters::SQLite3Adapter.represent_boolean_as_integer`
set to false is deprecated. SQLite databases have used 't' and 'f' to serialize
boolean values and must have old data converted to 1 and 0 (its native boolean
serialization) before setting this flag to true. Conversion can be accomplished
by setting up a rake task which runs

  ExampleModel.where("boolean_column = 't'").update_all(boolean_column: 1)
  ExampleModel.where("boolean_column = 'f'").update_all(boolean_column: 0)

for all models and all boolean columns, after which the flag must be set to
true by adding the following to your application.rb file:

  Rails.application.config.active_record.sqlite3.represent_boolean_as_integer = true
 (called from require at bin/rails:8)
  [1m[36mLivepost Load (0.8ms)[0m  [1m[34mSELECT  "liveposts".* FROM "liveposts" LIMIT ?[0m  [["LIMIT", 11]]
DEPRECATION WARNING: Leaving `ActiveRecord::ConnectionAdapters::SQLite3Adapter.represent_boolean_as_integer`
set to false is deprecated. SQLite databases have used 't' and 'f' to serialize
boolean values and must have old data converted to 1 and 0 (its native boolean
serialization) before setting this flag to true. Conversion can be accomplished
by setting up a rake task which runs

  ExampleModel.where("boolean_column = 't'").update_all(boolean_column: 1)
  ExampleModel.where("boolean_column = 'f'").update_all(boolean_column: 0)

for all models and all boolean columns, after which the flag must be set to
true by adding the following to your application.rb file:

  Rails.application.config.active_record.sqlite3.represent_boolean_as_integer = true
 (called from instance_eval at /home/wanglin/.rbenv/versions/2.6.6/lib/ruby/gems/2.6.0/gems/activesupport-5.2.8/lib/active_support/lazy_load_hooks.rb:71)
Started OPTIONS "/liveposts.json" for 127.0.0.1 at 2022-06-23 01:11:44 +0800
  [1m[35m (0.2ms)[0m  [1m[34mSELECT "schema_migrations"."version" FROM "schema_migrations" ORDER BY "schema_migrations"."version" ASC[0m
  
ActionController::RoutingError (No route matches [OPTIONS] "/liveposts.json"):
  
actionpack (5.2.8) lib/action_dispatch/middleware/debug_exceptions.rb:65:in `call'
actionpack (5.2.8) lib/action_dispatch/middleware/show_exceptions.rb:33:in `call'
railties (5.2.8) lib/rails/rack/logger.rb:38:in `call_app'
railties (5.2.8) lib/rails/rack/logger.rb:26:in `block in call'
activesupport (5.2.8) lib/active_support/tagged_logging.rb:71:in `block in tagged'
activesupport (5.2.8) lib/active_support/tagged_logging.rb:28:in `tagged'
activesupport (5.2.8) lib/active_support/tagged_logging.rb:71:in `tagged'
railties (5.2.8) lib/rails/rack/logger.rb:26:in `call'
actionpack (5.2.8) lib/action_dispatch/middleware/remote_ip.rb:81:in `call'
actionpack (5.2.8) lib/action_dispatch/middleware/request_id.rb:27:in `call'
rack (2.2.3.1) lib/rack/method_override.rb:24:in `call'
rack (2.2.3.1) lib/rack/runtime.rb:22:in `call'
activesupport (5.2.8) lib/active_support/cache/strategy/local_cache_middleware.rb:29:in `call'
actionpack (5.2.8) lib/action_dispatch/middleware/executor.rb:14:in `call'
actionpack (5.2.8) lib/action_dispatch/middleware/static.rb:127:in `call'
rack (2.2.3.1) lib/rack/sendfile.rb:110:in `call'
railties (5.2.8) lib/rails/engine.rb:524:in `call'
rack (2.2.3.1) lib/rack/handler/webrick.rb:95:in `service'
webrick (1.7.0) lib/webrick/httpserver.rb:140:in `service'
webrick (1.7.0) lib/webrick/httpserver.rb:96:in `run'
webrick (1.7.0) lib/webrick/server.rb:310:in `block in start_thread'
Started GET "/liveposts.json" for 127.0.0.1 at 2022-06-23 01:13:47 +0800
Processing by LivepostsController#index as JSON
Completed 406 Not Acceptable in 8ms (ActiveRecord: 0.0ms)


  
ActionController::UnknownFormat (LivepostsController#index is missing a template for this request format and variant.

request.formats: ["application/json"]
request.variant: []):
  
actionpack (5.2.8) lib/action_controller/metal/implicit_render.rb:42:in `default_render'
actionpack (5.2.8) lib/action_controller/metal/basic_implicit_render.rb:6:in `block in send_action'
actionpack (5.2.8) lib/action_controller/metal/basic_implicit_render.rb:6:in `tap'
actionpack (5.2.8) lib/action_controller/metal/basic_implicit_render.rb:6:in `send_action'
actionpack (5.2.8) lib/abstract_controller/base.rb:194:in `process_action'
actionpack (5.2.8) lib/action_controller/metal/rendering.rb:30:in `process_action'
actionpack (5.2.8) lib/abstract_controller/callbacks.rb:42:in `block in process_action'
activesupport (5.2.8) lib/active_support/callbacks.rb:132:in `run_callbacks'
actionpack (5.2.8) lib/abstract_controller/callbacks.rb:41:in `process_action'
actionpack (5.2.8) lib/action_controller/metal/rescue.rb:22:in `process_action'
actionpack (5.2.8) lib/action_controller/metal/instrumentation.rb:34:in `block in process_action'
activesupport (5.2.8) lib/active_support/notifications.rb:168:in `block in instrument'
activesupport (5.2.8) lib/active_support/notifications/instrumenter.rb:23:in `instrument'
activesupport (5.2.8) lib/active_support/notifications.rb:168:in `instrument'
actionpack (5.2.8) lib/action_controller/metal/instrumentation.rb:32:in `process_action'
actionpack (5.2.8) lib/action_controller/metal/params_wrapper.rb:256:in `process_action'
activerecord (5.2.8) lib/active_record/railties/controller_runtime.rb:24:in `process_action'
actionpack (5.2.8) lib/abstract_controller/base.rb:134:in `process'
actionview (5.2.8) lib/action_view/rendering.rb:32:in `process'
actionpack (5.2.8) lib/action_controller/metal.rb:191:in `dispatch'
actionpack (5.2.8) lib/action_controller/metal.rb:252:in `dispatch'
actionpack (5.2.8) lib/action_dispatch/routing/route_set.rb:52:in `dispatch'
actionpack (5.2.8) lib/action_dispatch/routing/route_set.rb:34:in `serve'
actionpack (5.2.8) lib/action_dispatch/journey/router.rb:52:in `block in serve'
actionpack (5.2.8) lib/action_dispatch/journey/router.rb:35:in `each'
actionpack (5.2.8) lib/action_dispatch/journey/router.rb:35:in `serve'
actionpack (5.2.8) lib/action_dispatch/routing/route_set.rb:840:in `call'
rack (2.2.3.1) lib/rack/tempfile_reaper.rb:15:in `call'
rack (2.2.3.1) lib/rack/etag.rb:27:in `call'
rack (2.2.3.1) lib/rack/conditional_get.rb:27:in `call'
rack (2.2.3.1) lib/rack/head.rb:12:in `call'
actionpack (5.2.8) lib/action_dispatch/http/content_security_policy.rb:18:in `call'
rack (2.2.3.1) lib/rack/session/abstract/id.rb:266:in `context'
rack (2.2.3.1) lib/rack/session/abstract/id.rb:260:in `call'
actionpack (5.2.8) lib/action_dispatch/middleware/cookies.rb:670:in `call'
activerecord (5.2.8) lib/active_record/migration.rb:559:in `call'
actionpack (5.2.8) lib/action_dispatch/middleware/callbacks.rb:28:in `block in call'
activesupport (5.2.8) lib/active_support/callbacks.rb:98:in `run_callbacks'
actionpack (5.2.8) lib/action_dispatch/middleware/callbacks.rb:26:in `call'
actionpack (5.2.8) lib/action_dispatch/middleware/executor.rb:14:in `call'
actionpack (5.2.8) lib/action_dispatch/middleware/debug_exceptions.rb:61:in `call'
actionpack (5.2.8) lib/action_dispatch/middleware/show_exceptions.rb:33:in `call'
railties (5.2.8) lib/rails/rack/logger.rb:38:in `call_app'
railties (5.2.8) lib/rails/rack/logger.rb:26:in `block in call'
activesupport (5.2.8) lib/active_support/tagged_logging.rb:71:in `block in tagged'
activesupport (5.2.8) lib/active_support/tagged_logging.rb:28:in `tagged'
activesupport (5.2.8) lib/active_support/tagged_logging.rb:71:in `tagged'
railties (5.2.8) lib/rails/rack/logger.rb:26:in `call'
actionpack (5.2.8) lib/action_dispatch/middleware/remote_ip.rb:81:in `call'
actionpack (5.2.8) lib/action_dispatch/middleware/request_id.rb:27:in `call'
rack (2.2.3.1) lib/rack/method_override.rb:24:in `call'
rack (2.2.3.1) lib/rack/runtime.rb:22:in `call'
activesupport (5.2.8) lib/active_support/cache/strategy/local_cache_middleware.rb:29:in `call'
actionpack (5.2.8) lib/action_dispatch/middleware/executor.rb:14:in `call'
actionpack (5.2.8) lib/action_dispatch/middleware/static.rb:127:in `call'
rack (2.2.3.1) lib/rack/sendfile.rb:110:in `call'
railties (5.2.8) lib/rails/engine.rb:524:in `call'
rack (2.2.3.1) lib/rack/handler/webrick.rb:95:in `service'
webrick (1.7.0) lib/webrick/httpserver.rb:140:in `service'
webrick (1.7.0) lib/webrick/httpserver.rb:96:in `run'
webrick (1.7.0) lib/webrick/server.rb:310:in `block in start_thread'
Started GET "/liveposts" for 127.0.0.1 at 2022-06-23 01:13:52 +0800
Processing by LivepostsController#index as HTML
  Rendering liveposts/index.html.erb within layouts/application
  [1m[36mLivepost Load (0.3ms)[0m  [1m[34mSELECT "liveposts".* FROM "liveposts"[0m
  Rendered liveposts/index.html.erb within layouts/application (14.1ms)
  Rendered layouts/_flash.erb (0.3ms)
Completed 200 OK in 149ms (Views: 147.7ms | ActiveRecord: 0.9ms)


Started GET "/assets/application.debug-e333c80fe07ea48f0244c3787cef36bf03979dd3cff0d5eb4d6dac761b6c16be.js" for 127.0.0.1 at 2022-06-23 01:13:52 +0800
Started GET "/assets/application.debug-5f08fba278564af762ffbe86dab23fb64555363082dd0f02339eb6f7a7445807.css" for 127.0.0.1 at 2022-06-23 01:13:52 +0800
Started GET "/liveposts" for 127.0.0.1 at 2022-06-23 01:21:14 +0800
  
SyntaxError (/home/wanglin/Desktop/final-project-rubyduckies/backend/app/controllers/liveposts_controller.rb:40: syntax error, unexpected tIDENTIFIER, expecting '}'
...rect_to live_url(@livepost)post, notice: "livepost was succe...
...                           ^~~~
/home/wanglin/Desktop/final-project-rubyduckies/backend/app/controllers/liveposts_controller.rb:40: syntax error, unexpected '}', expecting end
...st was successfully updated." }
...                              ^):
  
app/controllers/liveposts_controller.rb:40: syntax error, unexpected tIDENTIFIER, expecting '}'
app/controllers/liveposts_controller.rb:40: syntax error, unexpected '}', expecting end
Started GET "/liveposts" for 127.0.0.1 at 2022-06-23 01:23:09 +0800
  
SyntaxError (/home/wanglin/Desktop/final-project-rubyduckies/backend/app/controllers/liveposts_controller.rb:40: syntax error, unexpected tIDENTIFIER, expecting '}'
..._to livepost_url(@livepost)post, notice: "livepost was succe...
...                           ^~~~
/home/wanglin/Desktop/final-project-rubyduckies/backend/app/controllers/liveposts_controller.rb:40: syntax error, unexpected '}', expecting end
...st was successfully updated." }
...                              ^):
  
app/controllers/liveposts_controller.rb:40: syntax error, unexpected tIDENTIFIER, expecting '}'
app/controllers/liveposts_controller.rb:40: syntax error, unexpected '}', expecting end
Started GET "/liveposts" for 127.0.0.1 at 2022-06-23 01:23:43 +0800
  
SyntaxError (/home/wanglin/Desktop/final-project-rubyduckies/backend/app/controllers/liveposts_controller.rb:40: syntax error, unexpected tIDENTIFIER, expecting '}'
..._to livepost_url(@livepost)post, notice: "livepost was succe...
...                           ^~~~
/home/wanglin/Desktop/final-project-rubyduckies/backend/app/controllers/liveposts_controller.rb:40: syntax error, unexpected '}', expecting end
...st was successfully updated." }
...                              ^):
  
app/controllers/liveposts_controller.rb:40: syntax error, unexpected tIDENTIFIER, expecting '}'
app/controllers/liveposts_controller.rb:40: syntax error, unexpected '}', expecting end
DEPRECATION WARNING: Leaving `ActiveRecord::ConnectionAdapters::SQLite3Adapter.represent_boolean_as_integer`
set to false is deprecated. SQLite databases have used 't' and 'f' to serialize
boolean values and must have old data converted to 1 and 0 (its native boolean
serialization) before setting this flag to true. Conversion can be accomplished
by setting up a rake task which runs

  ExampleModel.where("boolean_column = 't'").update_all(boolean_column: 1)
  ExampleModel.where("boolean_column = 'f'").update_all(boolean_column: 0)

for all models and all boolean columns, after which the flag must be set to
true by adding the following to your application.rb file:

  Rails.application.config.active_record.sqlite3.represent_boolean_as_integer = true
 (called from instance_eval at /home/wanglin/.rbenv/versions/2.6.6/lib/ruby/gems/2.6.0/gems/activesupport-5.2.8/lib/active_support/lazy_load_hooks.rb:71)
Started OPTIONS "/liveposts.json" for 127.0.0.1 at 2022-06-23 01:25:28 +0800
  [1m[35m (0.2ms)[0m  [1m[34mSELECT "schema_migrations"."version" FROM "schema_migrations" ORDER BY "schema_migrations"."version" ASC[0m
  
ActionController::RoutingError (No route matches [OPTIONS] "/liveposts.json"):
  
actionpack (5.2.8) lib/action_dispatch/middleware/debug_exceptions.rb:65:in `call'
actionpack (5.2.8) lib/action_dispatch/middleware/show_exceptions.rb:33:in `call'
railties (5.2.8) lib/rails/rack/logger.rb:38:in `call_app'
railties (5.2.8) lib/rails/rack/logger.rb:26:in `block in call'
activesupport (5.2.8) lib/active_support/tagged_logging.rb:71:in `block in tagged'
activesupport (5.2.8) lib/active_support/tagged_logging.rb:28:in `tagged'
activesupport (5.2.8) lib/active_support/tagged_logging.rb:71:in `tagged'
railties (5.2.8) lib/rails/rack/logger.rb:26:in `call'
actionpack (5.2.8) lib/action_dispatch/middleware/remote_ip.rb:81:in `call'
actionpack (5.2.8) lib/action_dispatch/middleware/request_id.rb:27:in `call'
rack (2.2.3.1) lib/rack/method_override.rb:24:in `call'
rack (2.2.3.1) lib/rack/runtime.rb:22:in `call'
activesupport (5.2.8) lib/active_support/cache/strategy/local_cache_middleware.rb:29:in `call'
actionpack (5.2.8) lib/action_dispatch/middleware/executor.rb:14:in `call'
actionpack (5.2.8) lib/action_dispatch/middleware/static.rb:127:in `call'
rack (2.2.3.1) lib/rack/sendfile.rb:110:in `call'
railties (5.2.8) lib/rails/engine.rb:524:in `call'
rack (2.2.3.1) lib/rack/handler/webrick.rb:95:in `service'
webrick (1.7.0) lib/webrick/httpserver.rb:140:in `service'
webrick (1.7.0) lib/webrick/httpserver.rb:96:in `run'
webrick (1.7.0) lib/webrick/server.rb:310:in `block in start_thread'
Started GET "/liveposts" for 127.0.0.1 at 2022-06-23 01:25:40 +0800
  
SyntaxError (/home/wanglin/Desktop/final-project-rubyduckies/backend/app/controllers/liveposts_controller.rb:40: syntax error, unexpected tIDENTIFIER, expecting '}'
..._to livepost_url(@livepost)post, notice: "livepost was succe...
...                           ^~~~
/home/wanglin/Desktop/final-project-rubyduckies/backend/app/controllers/liveposts_controller.rb:40: syntax error, unexpected '}', expecting end
...st was successfully updated." }
...                              ^):
  
app/controllers/liveposts_controller.rb:40: syntax error, unexpected tIDENTIFIER, expecting '}'
app/controllers/liveposts_controller.rb:40: syntax error, unexpected '}', expecting end
Started GET "/liveposts" for 127.0.0.1 at 2022-06-23 01:27:45 +0800
Processing by LivepostsController#index as HTML
  Rendering liveposts/index.html.erb within layouts/application
  [1m[36mLivepost Load (0.2ms)[0m  [1m[34mSELECT "liveposts".* FROM "liveposts"[0m
  Rendered liveposts/index.html.erb within layouts/application (8.8ms)
  Rendered layouts/_flash.erb (0.3ms)
Completed 200 OK in 24ms (Views: 22.0ms | ActiveRecord: 0.8ms)


Started GET "/liveposts" for 127.0.0.1 at 2022-06-23 01:28:15 +0800
Processing by LivepostsController#index as HTML
  [1m[36mLivepost Load (0.2ms)[0m  [1m[34mSELECT "liveposts".* FROM "liveposts"[0m
Completed 200 OK in 19ms (Views: 16.5ms | ActiveRecord: 0.8ms)


Started OPTIONS "/liveposts" for 127.0.0.1 at 2022-06-23 01:28:42 +0800
  
ActionController::RoutingError (No route matches [OPTIONS] "/liveposts"):
  
actionpack (5.2.8) lib/action_dispatch/middleware/debug_exceptions.rb:65:in `call'
actionpack (5.2.8) lib/action_dispatch/middleware/show_exceptions.rb:33:in `call'
railties (5.2.8) lib/rails/rack/logger.rb:38:in `call_app'
railties (5.2.8) lib/rails/rack/logger.rb:26:in `block in call'
activesupport (5.2.8) lib/active_support/tagged_logging.rb:71:in `block in tagged'
activesupport (5.2.8) lib/active_support/tagged_logging.rb:28:in `tagged'
activesupport (5.2.8) lib/active_support/tagged_logging.rb:71:in `tagged'
railties (5.2.8) lib/rails/rack/logger.rb:26:in `call'
actionpack (5.2.8) lib/action_dispatch/middleware/remote_ip.rb:81:in `call'
actionpack (5.2.8) lib/action_dispatch/middleware/request_id.rb:27:in `call'
rack (2.2.3.1) lib/rack/method_override.rb:24:in `call'
rack (2.2.3.1) lib/rack/runtime.rb:22:in `call'
activesupport (5.2.8) lib/active_support/cache/strategy/local_cache_middleware.rb:29:in `call'
actionpack (5.2.8) lib/action_dispatch/middleware/executor.rb:14:in `call'
actionpack (5.2.8) lib/action_dispatch/middleware/static.rb:127:in `call'
rack (2.2.3.1) lib/rack/sendfile.rb:110:in `call'
railties (5.2.8) lib/rails/engine.rb:524:in `call'
rack (2.2.3.1) lib/rack/handler/webrick.rb:95:in `service'
webrick (1.7.0) lib/webrick/httpserver.rb:140:in `service'
webrick (1.7.0) lib/webrick/httpserver.rb:96:in `run'
webrick (1.7.0) lib/webrick/server.rb:310:in `block in start_thread'
Started OPTIONS "/liveposts" for 127.0.0.1 at 2022-06-23 01:29:13 +0800
  
ActionController::RoutingError (No route matches [OPTIONS] "/liveposts"):
  
actionpack (5.2.8) lib/action_dispatch/middleware/debug_exceptions.rb:65:in `call'
actionpack (5.2.8) lib/action_dispatch/middleware/show_exceptions.rb:33:in `call'
railties (5.2.8) lib/rails/rack/logger.rb:38:in `call_app'
railties (5.2.8) lib/rails/rack/logger.rb:26:in `block in call'
activesupport (5.2.8) lib/active_support/tagged_logging.rb:71:in `block in tagged'
activesupport (5.2.8) lib/active_support/tagged_logging.rb:28:in `tagged'
activesupport (5.2.8) lib/active_support/tagged_logging.rb:71:in `tagged'
railties (5.2.8) lib/rails/rack/logger.rb:26:in `call'
actionpack (5.2.8) lib/action_dispatch/middleware/remote_ip.rb:81:in `call'
actionpack (5.2.8) lib/action_dispatch/middleware/request_id.rb:27:in `call'
rack (2.2.3.1) lib/rack/method_override.rb:24:in `call'
rack (2.2.3.1) lib/rack/runtime.rb:22:in `call'
activesupport (5.2.8) lib/active_support/cache/strategy/local_cache_middleware.rb:29:in `call'
actionpack (5.2.8) lib/action_dispatch/middleware/executor.rb:14:in `call'
actionpack (5.2.8) lib/action_dispatch/middleware/static.rb:127:in `call'
rack (2.2.3.1) lib/rack/sendfile.rb:110:in `call'
railties (5.2.8) lib/rails/engine.rb:524:in `call'
rack (2.2.3.1) lib/rack/handler/webrick.rb:95:in `service'
webrick (1.7.0) lib/webrick/httpserver.rb:140:in `service'
webrick (1.7.0) lib/webrick/httpserver.rb:96:in `run'
webrick (1.7.0) lib/webrick/server.rb:310:in `block in start_thread'
Started GET "/liveposts" for 127.0.0.1 at 2022-06-23 01:29:24 +0800
Processing by LivepostsController#index as HTML
  [1m[36mLivepost Load (0.3ms)[0m  [1m[34mSELECT "liveposts".* FROM "liveposts"[0m
Completed 200 OK in 16ms (Views: 11.1ms | ActiveRecord: 1.2ms)


Started GET "/liveposts" for 127.0.0.1 at 2022-06-23 01:32:44 +0800
Processing by LivepostsController#index as HTML
Completed 406 Not Acceptable in 2ms (ActiveRecord: 0.0ms)


  
ActionController::UnknownFormat (ActionController::UnknownFormat):
  
app/controllers/liveposts_controller.rb:7:in `index'
Started GET "/liveposts" for 127.0.0.1 at 2022-06-23 01:34:06 +0800
Processing by LivepostsController#index as HTML
  Rendering liveposts/index.html.erb within layouts/application
  [1m[36mLivepost Load (0.3ms)[0m  [1m[34mSELECT "liveposts".* FROM "liveposts"[0m
  Rendered liveposts/index.html.erb within layouts/application (8.8ms)
  Rendered layouts/_flash.erb (0.2ms)
Completed 200 OK in 15ms (Views: 12.3ms | ActiveRecord: 0.9ms)


Started GET "/liveposts" for 127.0.0.1 at 2022-06-23 01:34:09 +0800
Processing by LivepostsController#index as HTML
  Rendering liveposts/index.html.erb within layouts/application
  [1m[36mLivepost Load (0.5ms)[0m  [1m[34mSELECT "liveposts".* FROM "liveposts"[0m
  Rendered liveposts/index.html.erb within layouts/application (15.4ms)
  Rendered layouts/_flash.erb (1.2ms)
Completed 200 OK in 42ms (Views: 39.4ms | ActiveRecord: 0.5ms)


Started OPTIONS "/liveposts" for 127.0.0.1 at 2022-06-23 01:34:52 +0800
  
ActionController::RoutingError (No route matches [OPTIONS] "/liveposts"):
  
actionpack (5.2.8) lib/action_dispatch/middleware/debug_exceptions.rb:65:in `call'
actionpack (5.2.8) lib/action_dispatch/middleware/show_exceptions.rb:33:in `call'
railties (5.2.8) lib/rails/rack/logger.rb:38:in `call_app'
railties (5.2.8) lib/rails/rack/logger.rb:26:in `block in call'
activesupport (5.2.8) lib/active_support/tagged_logging.rb:71:in `block in tagged'
activesupport (5.2.8) lib/active_support/tagged_logging.rb:28:in `tagged'
activesupport (5.2.8) lib/active_support/tagged_logging.rb:71:in `tagged'
railties (5.2.8) lib/rails/rack/logger.rb:26:in `call'
actionpack (5.2.8) lib/action_dispatch/middleware/remote_ip.rb:81:in `call'
actionpack (5.2.8) lib/action_dispatch/middleware/request_id.rb:27:in `call'
rack (2.2.3.1) lib/rack/method_override.rb:24:in `call'
rack (2.2.3.1) lib/rack/runtime.rb:22:in `call'
activesupport (5.2.8) lib/active_support/cache/strategy/local_cache_middleware.rb:29:in `call'
actionpack (5.2.8) lib/action_dispatch/middleware/executor.rb:14:in `call'
actionpack (5.2.8) lib/action_dispatch/middleware/static.rb:127:in `call'
rack (2.2.3.1) lib/rack/sendfile.rb:110:in `call'
railties (5.2.8) lib/rails/engine.rb:524:in `call'
rack (2.2.3.1) lib/rack/handler/webrick.rb:95:in `service'
webrick (1.7.0) lib/webrick/httpserver.rb:140:in `service'
webrick (1.7.0) lib/webrick/httpserver.rb:96:in `run'
webrick (1.7.0) lib/webrick/server.rb:310:in `block in start_thread'
Started GET "/liveposts" for 127.0.0.1 at 2022-06-23 01:35:04 +0800
Processing by LivepostsController#index as HTML
Completed 406 Not Acceptable in 1ms (ActiveRecord: 0.0ms)


  
ActionController::UnknownFormat (ActionController::UnknownFormat):
  
app/controllers/liveposts_controller.rb:7:in `index'
Started GET "/liveposts.json" for 127.0.0.1 at 2022-06-23 01:35:22 +0800
Processing by LivepostsController#index as JSON
  [1m[36mLivepost Load (0.3ms)[0m  [1m[34mSELECT "liveposts".* FROM "liveposts"[0m
Completed 200 OK in 21ms (Views: 19.5ms | ActiveRecord: 1.0ms)


Started OPTIONS "/liveposts.json" for 127.0.0.1 at 2022-06-23 01:35:43 +0800
  
ActionController::RoutingError (No route matches [OPTIONS] "/liveposts.json"):
  
actionpack (5.2.8) lib/action_dispatch/middleware/debug_exceptions.rb:65:in `call'
actionpack (5.2.8) lib/action_dispatch/middleware/show_exceptions.rb:33:in `call'
railties (5.2.8) lib/rails/rack/logger.rb:38:in `call_app'
railties (5.2.8) lib/rails/rack/logger.rb:26:in `block in call'
activesupport (5.2.8) lib/active_support/tagged_logging.rb:71:in `block in tagged'
activesupport (5.2.8) lib/active_support/tagged_logging.rb:28:in `tagged'
activesupport (5.2.8) lib/active_support/tagged_logging.rb:71:in `tagged'
railties (5.2.8) lib/rails/rack/logger.rb:26:in `call'
actionpack (5.2.8) lib/action_dispatch/middleware/remote_ip.rb:81:in `call'
actionpack (5.2.8) lib/action_dispatch/middleware/request_id.rb:27:in `call'
rack (2.2.3.1) lib/rack/method_override.rb:24:in `call'
rack (2.2.3.1) lib/rack/runtime.rb:22:in `call'
activesupport (5.2.8) lib/active_support/cache/strategy/local_cache_middleware.rb:29:in `call'
actionpack (5.2.8) lib/action_dispatch/middleware/executor.rb:14:in `call'
actionpack (5.2.8) lib/action_dispatch/middleware/static.rb:127:in `call'
rack (2.2.3.1) lib/rack/sendfile.rb:110:in `call'
railties (5.2.8) lib/rails/engine.rb:524:in `call'
rack (2.2.3.1) lib/rack/handler/webrick.rb:95:in `service'
webrick (1.7.0) lib/webrick/httpserver.rb:140:in `service'
webrick (1.7.0) lib/webrick/httpserver.rb:96:in `run'
webrick (1.7.0) lib/webrick/server.rb:310:in `block in start_thread'
Started OPTIONS "/liveposts.json" for 127.0.0.1 at 2022-06-23 01:36:17 +0800
  
ActionController::RoutingError (No route matches [OPTIONS] "/liveposts.json"):
  
actionpack (5.2.8) lib/action_dispatch/middleware/debug_exceptions.rb:65:in `call'
actionpack (5.2.8) lib/action_dispatch/middleware/show_exceptions.rb:33:in `call'
railties (5.2.8) lib/rails/rack/logger.rb:38:in `call_app'
railties (5.2.8) lib/rails/rack/logger.rb:26:in `block in call'
activesupport (5.2.8) lib/active_support/tagged_logging.rb:71:in `block in tagged'
activesupport (5.2.8) lib/active_support/tagged_logging.rb:28:in `tagged'
activesupport (5.2.8) lib/active_support/tagged_logging.rb:71:in `tagged'
railties (5.2.8) lib/rails/rack/logger.rb:26:in `call'
actionpack (5.2.8) lib/action_dispatch/middleware/remote_ip.rb:81:in `call'
actionpack (5.2.8) lib/action_dispatch/middleware/request_id.rb:27:in `call'
rack (2.2.3.1) lib/rack/method_override.rb:24:in `call'
rack (2.2.3.1) lib/rack/runtime.rb:22:in `call'
activesupport (5.2.8) lib/active_support/cache/strategy/local_cache_middleware.rb:29:in `call'
actionpack (5.2.8) lib/action_dispatch/middleware/executor.rb:14:in `call'
actionpack (5.2.8) lib/action_dispatch/middleware/static.rb:127:in `call'
rack (2.2.3.1) lib/rack/sendfile.rb:110:in `call'
railties (5.2.8) lib/rails/engine.rb:524:in `call'
rack (2.2.3.1) lib/rack/handler/webrick.rb:95:in `service'
webrick (1.7.0) lib/webrick/httpserver.rb:140:in `service'
webrick (1.7.0) lib/webrick/httpserver.rb:96:in `run'
webrick (1.7.0) lib/webrick/server.rb:310:in `block in start_thread'
DEPRECATION WARNING: Leaving `ActiveRecord::ConnectionAdapters::SQLite3Adapter.represent_boolean_as_integer`
set to false is deprecated. SQLite databases have used 't' and 'f' to serialize
boolean values and must have old data converted to 1 and 0 (its native boolean
serialization) before setting this flag to true. Conversion can be accomplished
by setting up a rake task which runs

  ExampleModel.where("boolean_column = 't'").update_all(boolean_column: 1)
  ExampleModel.where("boolean_column = 'f'").update_all(boolean_column: 0)

for all models and all boolean columns, after which the flag must be set to
true by adding the following to your application.rb file:

  Rails.application.config.active_record.sqlite3.represent_boolean_as_integer = true
 (called from instance_eval at /home/wanglin/.rbenv/versions/2.6.6/lib/ruby/gems/2.6.0/gems/activesupport-5.2.8/lib/active_support/lazy_load_hooks.rb:71)
Started GET "/liveposts.json" for 127.0.0.1 at 2022-06-23 01:38:58 +0800
  [1m[35m (0.1ms)[0m  [1m[34mSELECT "schema_migrations"."version" FROM "schema_migrations" ORDER BY "schema_migrations"."version" ASC[0m
Processing by LivepostsController#index as JSON
  [1m[36mLivepost Load (0.1ms)[0m  [1m[34mSELECT "liveposts".* FROM "liveposts"[0m
Completed 200 OK in 9ms (Views: 7.7ms | ActiveRecord: 0.5ms)


Started GET "/liveposts.json" for 127.0.0.1 at 2022-06-23 01:39:00 +0800
Processing by LivepostsController#index as JSON
  [1m[36mLivepost Load (0.2ms)[0m  [1m[34mSELECT "liveposts".* FROM "liveposts"[0m
Completed 200 OK in 3ms (Views: 2.7ms | ActiveRecord: 0.2ms)


Started OPTIONS "/liveposts.json" for 127.0.0.1 at 2022-06-23 01:39:05 +0800
  
ActionController::RoutingError (No route matches [OPTIONS] "/liveposts.json"):
  
actionpack (5.2.8) lib/action_dispatch/middleware/debug_exceptions.rb:65:in `call'
actionpack (5.2.8) lib/action_dispatch/middleware/show_exceptions.rb:33:in `call'
railties (5.2.8) lib/rails/rack/logger.rb:38:in `call_app'
railties (5.2.8) lib/rails/rack/logger.rb:26:in `block in call'
activesupport (5.2.8) lib/active_support/tagged_logging.rb:71:in `block in tagged'
activesupport (5.2.8) lib/active_support/tagged_logging.rb:28:in `tagged'
activesupport (5.2.8) lib/active_support/tagged_logging.rb:71:in `tagged'
railties (5.2.8) lib/rails/rack/logger.rb:26:in `call'
actionpack (5.2.8) lib/action_dispatch/middleware/remote_ip.rb:81:in `call'
actionpack (5.2.8) lib/action_dispatch/middleware/request_id.rb:27:in `call'
rack (2.2.3.1) lib/rack/method_override.rb:24:in `call'
rack (2.2.3.1) lib/rack/runtime.rb:22:in `call'
activesupport (5.2.8) lib/active_support/cache/strategy/local_cache_middleware.rb:29:in `call'
actionpack (5.2.8) lib/action_dispatch/middleware/executor.rb:14:in `call'
actionpack (5.2.8) lib/action_dispatch/middleware/static.rb:127:in `call'
rack (2.2.3.1) lib/rack/sendfile.rb:110:in `call'
railties (5.2.8) lib/rails/engine.rb:524:in `call'
rack (2.2.3.1) lib/rack/handler/webrick.rb:95:in `service'
webrick (1.7.0) lib/webrick/httpserver.rb:140:in `service'
webrick (1.7.0) lib/webrick/httpserver.rb:96:in `run'
webrick (1.7.0) lib/webrick/server.rb:310:in `block in start_thread'
Started GET "/liveposts.json" for 127.0.0.1 at 2022-06-23 01:39:40 +0800
Processing by LivepostsController#index as JSON
  [1m[36mLivepost Load (0.5ms)[0m  [1m[34mSELECT "liveposts".* FROM "liveposts"[0m
Completed 200 OK in 12ms (Views: 10.3ms | ActiveRecord: 0.5ms)


Started OPTIONS "/liveposts.json" for 127.0.0.1 at 2022-06-23 01:39:43 +0800
  
ActionController::RoutingError (No route matches [OPTIONS] "/liveposts.json"):
  
actionpack (5.2.8) lib/action_dispatch/middleware/debug_exceptions.rb:65:in `call'
actionpack (5.2.8) lib/action_dispatch/middleware/show_exceptions.rb:33:in `call'
railties (5.2.8) lib/rails/rack/logger.rb:38:in `call_app'
railties (5.2.8) lib/rails/rack/logger.rb:26:in `block in call'
activesupport (5.2.8) lib/active_support/tagged_logging.rb:71:in `block in tagged'
activesupport (5.2.8) lib/active_support/tagged_logging.rb:28:in `tagged'
activesupport (5.2.8) lib/active_support/tagged_logging.rb:71:in `tagged'
railties (5.2.8) lib/rails/rack/logger.rb:26:in `call'
actionpack (5.2.8) lib/action_dispatch/middleware/remote_ip.rb:81:in `call'
actionpack (5.2.8) lib/action_dispatch/middleware/request_id.rb:27:in `call'
rack (2.2.3.1) lib/rack/method_override.rb:24:in `call'
rack (2.2.3.1) lib/rack/runtime.rb:22:in `call'
activesupport (5.2.8) lib/active_support/cache/strategy/local_cache_middleware.rb:29:in `call'
actionpack (5.2.8) lib/action_dispatch/middleware/executor.rb:14:in `call'
actionpack (5.2.8) lib/action_dispatch/middleware/static.rb:127:in `call'
rack (2.2.3.1) lib/rack/sendfile.rb:110:in `call'
railties (5.2.8) lib/rails/engine.rb:524:in `call'
rack (2.2.3.1) lib/rack/handler/webrick.rb:95:in `service'
webrick (1.7.0) lib/webrick/httpserver.rb:140:in `service'
webrick (1.7.0) lib/webrick/httpserver.rb:96:in `run'
webrick (1.7.0) lib/webrick/server.rb:310:in `block in start_thread'
DEPRECATION WARNING: Leaving `ActiveRecord::ConnectionAdapters::SQLite3Adapter.represent_boolean_as_integer`
set to false is deprecated. SQLite databases have used 't' and 'f' to serialize
boolean values and must have old data converted to 1 and 0 (its native boolean
serialization) before setting this flag to true. Conversion can be accomplished
by setting up a rake task which runs

  ExampleModel.where("boolean_column = 't'").update_all(boolean_column: 1)
  ExampleModel.where("boolean_column = 'f'").update_all(boolean_column: 0)

for all models and all boolean columns, after which the flag must be set to
true by adding the following to your application.rb file:

  Rails.application.config.active_record.sqlite3.represent_boolean_as_integer = true
 (called from instance_eval at /home/wanglin/.rbenv/versions/2.6.6/lib/ruby/gems/2.6.0/gems/activesupport-5.2.8/lib/active_support/lazy_load_hooks.rb:71)
Started GET "/liveposts.json" for 127.0.0.1 at 2022-06-23 01:41:49 +0800
  [1m[35m (0.1ms)[0m  [1m[34mSELECT "schema_migrations"."version" FROM "schema_migrations" ORDER BY "schema_migrations"."version" ASC[0m
Processing by LivepostsController#index as JSON
  [1m[36mLivepost Load (0.2ms)[0m  [1m[34mSELECT "liveposts".* FROM "liveposts"[0m
Completed 200 OK in 9ms (Views: 6.9ms | ActiveRecord: 0.6ms)


Started GET "/liveposts.json" for 127.0.0.1 at 2022-06-23 01:41:52 +0800
Processing by LivepostsController#index as JSON
  Parameters: {"livepost"=>{}}
  [1m[36mLivepost Load (0.2ms)[0m  [1m[34mSELECT "liveposts".* FROM "liveposts"[0m
Completed 200 OK in 3ms (Views: 2.5ms | ActiveRecord: 0.2ms)


Started GET "/pendingposts.json" for 127.0.0.1 at 2022-06-23 01:41:53 +0800
Processing by PendingpostsController#index as JSON
  Parameters: {"pendingpost"=>{}}
  [1m[36mPendingpost Load (0.2ms)[0m  [1m[34mSELECT "pendingposts".* FROM "pendingposts"[0m
Completed 200 OK in 10ms (Views: 9.0ms | ActiveRecord: 0.7ms)


Started GET "/liveposts.json" for 127.0.0.1 at 2022-06-23 01:41:59 +0800
Processing by LivepostsController#index as JSON
  Parameters: {"livepost"=>{}}
  [1m[36mLivepost Load (0.2ms)[0m  [1m[34mSELECT "liveposts".* FROM "liveposts"[0m
Completed 200 OK in 2ms (Views: 1.6ms | ActiveRecord: 0.2ms)


Started GET "/pendingposts.json" for 127.0.0.1 at 2022-06-23 01:41:59 +0800
Processing by PendingpostsController#index as JSON
  Parameters: {"pendingpost"=>{}}
  [1m[36mPendingpost Load (0.2ms)[0m  [1m[34mSELECT "pendingposts".* FROM "pendingposts"[0m
Completed 200 OK in 3ms (Views: 2.5ms | ActiveRecord: 0.2ms)


